youtube 2SvG0yiNt4Q
youtube K_jn9HAzsow
youtube O13C75NVh5E
youtube e65OEEQz8ck
youtube 5NpfKwbjAk0
youtube 086qeje8Zss
youtube 4k4X8nbzyaM
youtube dXN3q3GkCug
youtube UHuKNgTyHV8
youtube Pql1qYLYmGQ
youtube liKCqaRPJz0
youtube YzeiGYAay_I
youtube jjJtrdoSMwk
youtube rkQRzX0sB_Y
youtube m5-TAFkfsWM
youtube k-a75zRgtWc
youtube Rh3NuKMC4Ww
youtube BM62adfs3gQ
youtube Y_eOPYed9DA
youtube VAz9CIQS1oc
youtube coA6Xin7Kjg
youtube 1249kzgs62Q
youtube t6W238Tn_6s
youtube lepugwdwBz0
youtube dp_ljjf98Vg
youtube OIAeg_n0l8Q
youtube fQOSrP1nHko
youtube pzy5a0M7h1w
youtube jE_RZlrqrAI
youtube pVHGbYaLEng
youtube bx_FUz6Pb88
youtube DYEPm5OFi90
youtube W3hHIlx1XXw
youtube n8VOp5mhxpc
youtube 7TGN3u44E1Y
youtube i-7jq0X6FDc
youtube 0N8zrMchzxk
youtube 9BPi1rejLh4
youtube IaZRn1d4zTk
youtube CgZx2w5IUow
youtube sCpScMvBfrI
youtube UZKF2OMpX5A
youtube EEh7M7suOKs
youtube CYd2xVDNOF4
youtube 5LwhsVIhWmY
